INSTRUMENTATION_STATUS: class=com.nokhyun.bddexam.MainActivityTest
INSTRUMENTATION_STATUS: current=1
INSTRUMENTATION_STATUS: id=AndroidJUnitRunner
INSTRUMENTATION_STATUS: numtests=1
INSTRUMENTATION_STATUS: stream=
com.nokhyun.bddexam.MainActivityTest:
INSTRUMENTATION_STATUS: test=initializationError
INSTRUMENTATION_STATUS_CODE: 1
INSTRUMENTATION_STATUS: class=com.nokhyun.bddexam.MainActivityTest
INSTRUMENTATION_STATUS: current=1
INSTRUMENTATION_STATUS: id=AndroidJUnitRunner
INSTRUMENTATION_STATUS: numtests=1
INSTRUMENTATION_STATUS: stack=java.lang.RuntimeException: Failed to instantiate test runner class androidx.test.internal.runner.junit4.AndroidJUnit4ClassRunner


at androidx.test.ext.junit.runners.AndroidJUnit4.throwInitializationError(AndroidJUnit4.java:129)
at androidx.test.ext.junit.runners.AndroidJUnit4.loadRunner(AndroidJUnit4.java:121)
at androidx.test.ext.junit.runners.AndroidJUnit4.loadRunner(AndroidJUnit4.java:82)
at androidx.test.ext.junit.runners.AndroidJUnit4.<init>(AndroidJUnit4.java:56)
... 14 trimmed
Caused by: java.lang.reflect.InvocationTargetException
at java.lang.reflect.Constructor.newInstance0(Native Method)
at java.lang.reflect.Constructor.newInstance(Constructor.java:343)
at androidx.test.ext.junit.runners.AndroidJUnit4.loadRunner(AndroidJUnit4.java:112)
... 17 more
Caused by: org.junit.runners.model.InvalidTestClassError: Invalid test class 'com.nokhyun.bddexam.MainActivityTest':
1. No runnable methods
at org.junit.runners.ParentRunner.validate(ParentRunner.java:525)
at org.junit.runners.ParentRunner.<init>(ParentRunner.java:92)
at org.junit.runners.BlockJUnit4ClassRunner.<init>(BlockJUnit4ClassRunner.java:74)
at androidx.test.internal.runner.junit4.AndroidJUnit4ClassRunner.<init>(AndroidJUnit4ClassRunner.java:43)
at androidx.test.internal.runner.junit4.AndroidJUnit4ClassRunner.<init>(AndroidJUnit4ClassRunner.java:48)
... 20 more

INSTRUMENTATION_STATUS: stream=
Error in initializationError(com.nokhyun.bddexam.MainActivityTest):
java.lang.RuntimeException: Failed to instantiate test runner class androidx.test.internal.runner.junit4.AndroidJUnit4ClassRunner


at androidx.test.ext.junit.runners.AndroidJUnit4.throwInitializationError(AndroidJUnit4.java:129)
at androidx.test.ext.junit.runners.AndroidJUnit4.loadRunner(AndroidJUnit4.java:121)
at androidx.test.ext.junit.runners.AndroidJUnit4.loadRunner(AndroidJUnit4.java:82)
at androidx.test.ext.junit.runners.AndroidJUnit4.<init>(AndroidJUnit4.java:56)
... 14 trimmed
Caused by: java.lang.reflect.InvocationTargetException
at java.lang.reflect.Constructor.newInstance0(Native Method)
at java.lang.reflect.Constructor.newInstance(Constructor.java:343)
at androidx.test.ext.junit.runners.AndroidJUnit4.loadRunner(AndroidJUnit4.java:112)
... 17 more
Caused by: org.junit.runners.model.InvalidTestClassError: Invalid test class 'com.nokhyun.bddexam.MainActivityTest':
1. No runnable methods
at org.junit.runners.ParentRunner.validate(ParentRunner.java:525)
at org.junit.runners.ParentRunner.<init>(ParentRunner.java:92)
at org.junit.runners.BlockJUnit4ClassRunner.<init>(BlockJUnit4ClassRunner.java:74)
at androidx.test.internal.runner.junit4.AndroidJUnit4ClassRunner.<init>(AndroidJUnit4ClassRunner.java:43)
at androidx.test.internal.runner.junit4.AndroidJUnit4ClassRunner.<init>(AndroidJUnit4ClassRunner.java:48)
... 20 more

INSTRUMENTATION_STATUS: test=initializationError
INSTRUMENTATION_STATUS_CODE: -2
INSTRUMENTATION_RESULT: stream=

Time: 0.008
There was 1 failure:
1) initializationError(com.nokhyun.bddexam.MainActivityTest)
java.lang.RuntimeException: Failed to instantiate test runner class androidx.test.internal.runner.junit4.AndroidJUnit4ClassRunner


at androidx.test.ext.junit.runners.AndroidJUnit4.throwInitializationError(AndroidJUnit4.java:129)
at androidx.test.ext.junit.runners.AndroidJUnit4.loadRunner(AndroidJUnit4.java:121)
at androidx.test.ext.junit.runners.AndroidJUnit4.loadRunner(AndroidJUnit4.java:82)
at androidx.test.ext.junit.runners.AndroidJUnit4.<init>(AndroidJUnit4.java:56)
... 14 trimmed
Caused by: java.lang.reflect.InvocationTargetException
at java.lang.reflect.Constructor.newInstance0(Native Method)
at java.lang.reflect.Constructor.newInstance(Constructor.java:343)
at androidx.test.ext.junit.runners.AndroidJUnit4.loadRunner(AndroidJUnit4.java:112)
... 17 more
Caused by: org.junit.runners.model.InvalidTestClassError: Invalid test class 'com.nokhyun.bddexam.MainActivityTest':
1. No runnable methods
at org.junit.runners.ParentRunner.validate(ParentRunner.java:525)
at org.junit.runners.ParentRunner.<init>(ParentRunner.java:92)
at org.junit.runners.BlockJUnit4ClassRunner.<init>(BlockJUnit4ClassRunner.java:74)
at androidx.test.internal.runner.junit4.AndroidJUnit4ClassRunner.<init>(AndroidJUnit4ClassRunner.java:43)
at androidx.test.internal.runner.junit4.AndroidJUnit4ClassRunner.<init>(AndroidJUnit4ClassRunner.java:48)
... 20 more

FAILURES!!!
Tests run: 1,  Failures: 1


INSTRUMENTATION_CODE: -1

